<?xml version="1.0" encoding="UTF-8"?>
<!-- Generated by org.testng.reporters.JUnitReportReporter -->
<testsuite hostname="DESKTOP-4LCKIA6" failures="0" tests="2" name="GridTest.TestG3" time="57.843" errors="0" timestamp="22 Jun 2023 08:03:43 GMT" skipped="0">
  <testcase classname="GridTest.TestG3" name="test1" time="28.714"/>
  <testcase classname="GridTest.TestG3" name="test1" time="29.129"/>
</testsuite> <!-- GridTest.TestG3 -->
