<?xml version="1.0" encoding="UTF-8"?>
<!-- Generated by org.testng.reporters.JUnitReportReporter -->
<testsuite hostname="DESKTOP-4LCKIA6" failures="0" tests="2" name="GridTest.TestG5" time="188.603" errors="0" timestamp="22 Jun 2023 08:07:54 GMT" skipped="0">
  <testcase classname="GridTest.TestG5" name="test1" time="102.700"/>
  <testcase classname="GridTest.TestG5" name="test1" time="85.903"/>
</testsuite> <!-- GridTest.TestG5 -->
