<?xml version="1.0" encoding="UTF-8"?>
<!-- Generated by org.testng.reporters.JUnitReportReporter -->
<testsuite hostname="DESKTOP-4LCKIA6" failures="0" tests="1" name="GridTest.TestG1" time="320.645" errors="0" timestamp="22 Jun 2023 07:35:51 GMT" skipped="0">
  <testcase classname="GridTest.TestG1" name="test1" time="320.645"/>
</testsuite> <!-- GridTest.TestG1 -->
