<?xml version="1.0" encoding="UTF-8"?>
<!-- Generated by org.testng.reporters.JUnitReportReporter -->
<testsuite hostname="DESKTOP-4LCKIA6" failures="0" tests="2" name="GridTest.TestG6" time="82.578" errors="0" timestamp="22 Jun 2023 08:10:22 GMT" skipped="0">
  <testcase classname="GridTest.TestG6" name="test1" time="36.681"/>
  <testcase classname="GridTest.TestG6" name="test1" time="45.897"/>
</testsuite> <!-- GridTest.TestG6 -->
