<?xml version="1.0" encoding="UTF-8"?>
<!-- Generated by org.testng.reporters.JUnitReportReporter -->
<testsuite hostname="DESKTOP-4LCKIA6" failures="0" tests="2" name="GridTest.TestG2" time="71.856" errors="0" timestamp="22 Jun 2023 09:20:06 GMT" skipped="0">
  <testcase classname="GridTest.TestG2" name="test1" time="36.943"/>
  <testcase classname="GridTest.TestG2" name="test1" time="34.913"/>
</testsuite> <!-- GridTest.TestG2 -->
