<?xml version="1.0" encoding="UTF-8"?>
<!-- Generated by org.testng.reporters.JUnitReportReporter -->
<testsuite hostname="DESKTOP-4LCKIA6" failures="0" tests="2" name="GridTest.TestG4" time="84.898" errors="0" timestamp="22 Jun 2023 08:05:18 GMT" skipped="0">
  <testcase classname="GridTest.TestG4" name="test1" time="41.989"/>
  <testcase classname="GridTest.TestG4" name="test1" time="42.909"/>
</testsuite> <!-- GridTest.TestG4 -->
